<?xml version="1.0" encoding="UTF-8"?>
<!-- Generated by org.testng.reporters.JUnitReportReporter -->
<testsuite skipped="0" hostname="Manju" name="testCases.DropDowntest" tests="1" failures="0" timestamp="2021-11-21T14:45:25 IST" time="0.221" errors="0">
  <testcase name="performAction" time="0.221" classname="testCases.DropDowntest"/>
  <system-out/>
</testsuite> <!-- testCases.DropDowntest -->
