<?xml version="1.0" encoding="UTF-8"?>
<!-- Generated by org.testng.reporters.JUnitReportReporter -->
<testsuite skipped="0" hostname="Manju" name="com.SeleniumUIAutomation.Test1" tests="1" failures="0" timestamp="2022-01-14T16:08:18 IST" time="0.123" errors="0">
  <testcase name="testme" time="0.123" classname="com.SeleniumUIAutomation.Test1"/>
  <system-out/>
</testsuite> <!-- com.SeleniumUIAutomation.Test1 -->
